<?xml version="1.0" encoding="UTF-8"?>
<!-- Generated by org.testng.reporters.JUnitXMLReporter -->
<testsuite ignored="0" hostname="DESKTOP-3ATCNGS" failures="0" tests="5" name="chrome" time="86.455" errors="0" timestamp="2024-12-16T22:39:21 IST">
  <testcase classname="testPackage.searchBylocation" name="run" time="21.993"/>
  <testcase classname="testPackage.searchByPincode" name="searchByPicode" time="7.104"/>
  <testcase classname="testPackage.searchByPOstOffice" name="searchByPostOffc" time="7.611"/>
  <testcase classname="testPackage.IndianPostalStamps" name="getStampsByYear" time="32.13"/>
  <testcase classname="testPackage.info" name="info" time="3.902"/>
</testsuite> <!-- chrome -->
