<?xml version="1.0" encoding="UTF-8"?>
<!-- Generated by org.testng.reporters.JUnitXMLReporter -->
<testsuite ignored="0" hostname="DESKTOP-3ATCNGS" failures="0" tests="5" name="edge" time="134.589" errors="0" timestamp="2024-12-16T22:41:36 IST">
  <testcase classname="testPackage.searchBylocation" name="run" time="20.156"/>
  <testcase classname="testPackage.searchByPincode" name="searchByPicode" time="8.312"/>
  <testcase classname="testPackage.searchByPOstOffice" name="searchByPostOffc" time="7.383"/>
  <testcase classname="testPackage.IndianPostalStamps" name="getStampsByYear" time="28.153"/>
  <testcase classname="testPackage.info" name="info" time="3.644"/>
</testsuite> <!-- edge -->
