<?xml version="1.0" encoding="UTF-8"?>
<!-- Generated by org.testng.reporters.JUnitXMLReporter -->
<testsuite ignored="0" hostname="DESKTOP-3ATCNGS" failures="0" tests="5" name="firefox" time="110.043" errors="0" timestamp="2024-12-16T22:43:26 IST">
  <testcase classname="testPackage.searchBylocation" name="run" time="17.063"/>
  <testcase classname="testPackage.searchByPincode" name="searchByPicode" time="9.591"/>
  <testcase classname="testPackage.searchByPOstOffice" name="searchByPostOffc" time="6.077"/>
  <testcase classname="testPackage.IndianPostalStamps" name="getStampsByYear" time="25.801"/>
  <testcase classname="testPackage.info" name="info" time="2.855"/>
</testsuite> <!-- firefox -->
