<?xml version="1.0" encoding="UTF-8"?>
<testng-results ignored="0" total="15" passed="15" failed="0" skipped="0">
  <reporter-output>
  </reporter-output>
  <suite started-at="2024-12-16T22:37:54 IST" name="Suite" finished-at="2024-12-16T22:43:26 IST" duration-ms="331177">
    <groups>
    </groups>
    <test started-at="2024-12-16T22:37:54 IST" name="chrome" finished-at="2024-12-16T22:39:21 IST" duration-ms="86455">
      <class name="testPackage.searchByPincode">
        <test-method is-config="true" signature="setUp(java.lang.String)[pri:0, instance:testPackage.searchByPincode@327514f]" started-at="2024-12-16T22:38:04 IST" name="setUp" finished-at="2024-12-16T22:38:06 IST" duration-ms="1856" status="PASS">
          <params>
            <param index="0">
              <value>
                <![CDATA[chrome]]>
              </value>
            </param>
          </params>
          <reporter-output>
          </reporter-output>
        </test-method> <!-- setUp -->
        <test-method signature="searchByPicode()[pri:0, instance:testPackage.searchByPincode@327514f]" started-at="2024-12-16T22:38:30 IST" name="searchByPicode" finished-at="2024-12-16T22:38:37 IST" duration-ms="7104" status="PASS">
          <reporter-output>
          </reporter-output>
        </test-method> <!-- searchByPicode -->
        <test-method is-config="true" signature="afterTest()[pri:0, instance:testPackage.searchByPincode@327514f]" started-at="2024-12-16T22:39:21 IST" name="afterTest" finished-at="2024-12-16T22:39:21 IST" duration-ms="1" status="PASS">
          <reporter-output>
          </reporter-output>
        </test-method> <!-- afterTest -->
      </class> <!-- testPackage.searchByPincode -->
      <class name="testPackage.IndianPostalStamps">
        <test-method is-config="true" signature="beforeTest(java.lang.String)[pri:0, instance:testPackage.IndianPostalStamps@1165b38]" started-at="2024-12-16T22:37:54 IST" name="beforeTest" finished-at="2024-12-16T22:38:00 IST" duration-ms="5124" status="PASS">
          <params>
            <param index="0">
              <value>
                <![CDATA[chrome]]>
              </value>
            </param>
          </params>
          <reporter-output>
          </reporter-output>
        </test-method> <!-- beforeTest -->
        <test-method signature="getStampsByYear()[pri:0, instance:testPackage.IndianPostalStamps@1165b38]" started-at="2024-12-16T22:38:45 IST" name="getStampsByYear" finished-at="2024-12-16T22:39:17 IST" duration-ms="32130" status="PASS">
          <reporter-output>
          </reporter-output>
        </test-method> <!-- getStampsByYear -->
        <test-method is-config="true" signature="afterTest()[pri:0, instance:testPackage.IndianPostalStamps@1165b38]" started-at="2024-12-16T22:39:21 IST" name="afterTest" finished-at="2024-12-16T22:39:21 IST" duration-ms="8" status="PASS">
          <reporter-output>
          </reporter-output>
        </test-method> <!-- afterTest -->
      </class> <!-- testPackage.IndianPostalStamps -->
      <class name="testPackage.info">
        <test-method is-config="true" signature="beforeTest(java.lang.String)[pri:0, instance:testPackage.info@4c12331b]" started-at="2024-12-16T22:38:00 IST" name="beforeTest" finished-at="2024-12-16T22:38:02 IST" duration-ms="1902" status="PASS">
          <params>
            <param index="0">
              <value>
                <![CDATA[chrome]]>
              </value>
            </param>
          </params>
          <reporter-output>
          </reporter-output>
        </test-method> <!-- beforeTest -->
        <test-method signature="info()[pri:0, instance:testPackage.info@4c12331b]" started-at="2024-12-16T22:39:17 IST" name="info" finished-at="2024-12-16T22:39:21 IST" duration-ms="3902" status="PASS">
          <reporter-output>
          </reporter-output>
        </test-method> <!-- info -->
        <test-method is-config="true" signature="afterTest()[pri:0, instance:testPackage.info@4c12331b]" started-at="2024-12-16T22:39:21 IST" name="afterTest" finished-at="2024-12-16T22:39:21 IST" duration-ms="3" status="PASS">
          <reporter-output>
          </reporter-output>
        </test-method> <!-- afterTest -->
      </class> <!-- testPackage.info -->
      <class name="testPackage.searchByPOstOffice">
        <test-method is-config="true" signature="setUp(java.lang.String)[pri:0, instance:testPackage.searchByPOstOffice@5b12b668]" started-at="2024-12-16T22:38:02 IST" name="setUp" finished-at="2024-12-16T22:38:04 IST" duration-ms="2555" status="PASS">
          <params>
            <param index="0">
              <value>
                <![CDATA[chrome]]>
              </value>
            </param>
          </params>
          <reporter-output>
          </reporter-output>
        </test-method> <!-- setUp -->
        <test-method signature="searchByPostOffc()[pri:0, instance:testPackage.searchByPOstOffice@5b12b668]" started-at="2024-12-16T22:38:37 IST" name="searchByPostOffc" finished-at="2024-12-16T22:38:45 IST" duration-ms="7611" status="PASS">
          <reporter-output>
          </reporter-output>
        </test-method> <!-- searchByPostOffc -->
        <test-method is-config="true" signature="afterTest()[pri:0, instance:testPackage.searchByPOstOffice@5b12b668]" started-at="2024-12-16T22:39:21 IST" name="afterTest" finished-at="2024-12-16T22:39:21 IST" duration-ms="1" status="PASS">
          <reporter-output>
          </reporter-output>
        </test-method> <!-- afterTest -->
      </class> <!-- testPackage.searchByPOstOffice -->
      <class name="testPackage.searchBylocation">
        <test-method is-config="true" signature="beforeTest(java.lang.String)[pri:0, instance:testPackage.searchBylocation@38425407]" started-at="2024-12-16T22:38:06 IST" name="beforeTest" finished-at="2024-12-16T22:38:08 IST" duration-ms="2108" status="PASS">
          <params>
            <param index="0">
              <value>
                <![CDATA[chrome]]>
              </value>
            </param>
          </params>
          <reporter-output>
          </reporter-output>
        </test-method> <!-- beforeTest -->
        <test-method signature="run()[pri:0, instance:testPackage.searchBylocation@38425407]" started-at="2024-12-16T22:38:08 IST" name="run" finished-at="2024-12-16T22:38:30 IST" duration-ms="21993" status="PASS">
          <reporter-output>
          </reporter-output>
        </test-method> <!-- run -->
        <test-method is-config="true" signature="afterTest()[pri:0, instance:testPackage.searchBylocation@38425407]" started-at="2024-12-16T22:39:21 IST" name="afterTest" finished-at="2024-12-16T22:39:21 IST" duration-ms="0" status="PASS">
          <reporter-output>
          </reporter-output>
        </test-method> <!-- afterTest -->
      </class> <!-- testPackage.searchBylocation -->
    </test> <!-- chrome -->
    <test started-at="2024-12-16T22:39:21 IST" name="edge" finished-at="2024-12-16T22:41:36 IST" duration-ms="134589">
      <class name="testPackage.searchByPincode">
        <test-method is-config="true" signature="setUp(java.lang.String)[pri:0, instance:testPackage.searchByPincode@7a8c8dcf]" started-at="2024-12-16T22:40:17 IST" name="setUp" finished-at="2024-12-16T22:40:23 IST" duration-ms="5370" status="PASS">
          <params>
            <param index="0">
              <value>
                <![CDATA[edge]]>
              </value>
            </param>
          </params>
          <reporter-output>
          </reporter-output>
        </test-method> <!-- setUp -->
        <test-method signature="searchByPicode()[pri:0, instance:testPackage.searchByPincode@7a8c8dcf]" started-at="2024-12-16T22:40:48 IST" name="searchByPicode" finished-at="2024-12-16T22:40:56 IST" duration-ms="8312" status="PASS">
          <reporter-output>
          </reporter-output>
        </test-method> <!-- searchByPicode -->
        <test-method is-config="true" signature="afterTest()[pri:0, instance:testPackage.searchByPincode@7a8c8dcf]" started-at="2024-12-16T22:41:36 IST" name="afterTest" finished-at="2024-12-16T22:41:36 IST" duration-ms="0" status="PASS">
          <reporter-output>
          </reporter-output>
        </test-method> <!-- afterTest -->
      </class> <!-- testPackage.searchByPincode -->
      <class name="testPackage.IndianPostalStamps">
        <test-method is-config="true" signature="beforeTest(java.lang.String)[pri:0, instance:testPackage.IndianPostalStamps@2aceadd4]" started-at="2024-12-16T22:39:21 IST" name="beforeTest" finished-at="2024-12-16T22:40:09 IST" duration-ms="48168" status="PASS">
          <params>
            <param index="0">
              <value>
                <![CDATA[edge]]>
              </value>
            </param>
          </params>
          <reporter-output>
          </reporter-output>
        </test-method> <!-- beforeTest -->
        <test-method signature="getStampsByYear()[pri:0, instance:testPackage.IndianPostalStamps@2aceadd4]" started-at="2024-12-16T22:41:04 IST" name="getStampsByYear" finished-at="2024-12-16T22:41:32 IST" duration-ms="28153" status="PASS">
          <reporter-output>
          </reporter-output>
        </test-method> <!-- getStampsByYear -->
        <test-method is-config="true" signature="afterTest()[pri:0, instance:testPackage.IndianPostalStamps@2aceadd4]" started-at="2024-12-16T22:41:36 IST" name="afterTest" finished-at="2024-12-16T22:41:36 IST" duration-ms="0" status="PASS">
          <reporter-output>
          </reporter-output>
        </test-method> <!-- afterTest -->
      </class> <!-- testPackage.IndianPostalStamps -->
      <class name="testPackage.info">
        <test-method is-config="true" signature="beforeTest(java.lang.String)[pri:0, instance:testPackage.info@24aed80c]" started-at="2024-12-16T22:40:09 IST" name="beforeTest" finished-at="2024-12-16T22:40:13 IST" duration-ms="3907" status="PASS">
          <params>
            <param index="0">
              <value>
                <![CDATA[edge]]>
              </value>
            </param>
          </params>
          <reporter-output>
          </reporter-output>
        </test-method> <!-- beforeTest -->
        <test-method signature="info()[pri:0, instance:testPackage.info@24aed80c]" started-at="2024-12-16T22:41:32 IST" name="info" finished-at="2024-12-16T22:41:36 IST" duration-ms="3644" status="PASS">
          <reporter-output>
          </reporter-output>
        </test-method> <!-- info -->
        <test-method is-config="true" signature="afterTest()[pri:0, instance:testPackage.info@24aed80c]" started-at="2024-12-16T22:41:36 IST" name="afterTest" finished-at="2024-12-16T22:41:36 IST" duration-ms="0" status="PASS">
          <reporter-output>
          </reporter-output>
        </test-method> <!-- afterTest -->
      </class> <!-- testPackage.info -->
      <class name="testPackage.searchByPOstOffice">
        <test-method is-config="true" signature="setUp(java.lang.String)[pri:0, instance:testPackage.searchByPOstOffice@24269709]" started-at="2024-12-16T22:40:13 IST" name="setUp" finished-at="2024-12-16T22:40:17 IST" duration-ms="4217" status="PASS">
          <params>
            <param index="0">
              <value>
                <![CDATA[edge]]>
              </value>
            </param>
          </params>
          <reporter-output>
          </reporter-output>
        </test-method> <!-- setUp -->
        <test-method signature="searchByPostOffc()[pri:0, instance:testPackage.searchByPOstOffice@24269709]" started-at="2024-12-16T22:40:56 IST" name="searchByPostOffc" finished-at="2024-12-16T22:41:04 IST" duration-ms="7383" status="PASS">
          <reporter-output>
          </reporter-output>
        </test-method> <!-- searchByPostOffc -->
        <test-method is-config="true" signature="afterTest()[pri:0, instance:testPackage.searchByPOstOffice@24269709]" started-at="2024-12-16T22:41:36 IST" name="afterTest" finished-at="2024-12-16T22:41:36 IST" duration-ms="0" status="PASS">
          <reporter-output>
          </reporter-output>
        </test-method> <!-- afterTest -->
      </class> <!-- testPackage.searchByPOstOffice -->
      <class name="testPackage.searchBylocation">
        <test-method is-config="true" signature="beforeTest(java.lang.String)[pri:0, instance:testPackage.searchBylocation@5dda768f]" started-at="2024-12-16T22:40:23 IST" name="beforeTest" finished-at="2024-12-16T22:40:28 IST" duration-ms="5247" status="PASS">
          <params>
            <param index="0">
              <value>
                <![CDATA[edge]]>
              </value>
            </param>
          </params>
          <reporter-output>
          </reporter-output>
        </test-method> <!-- beforeTest -->
        <test-method signature="run()[pri:0, instance:testPackage.searchBylocation@5dda768f]" started-at="2024-12-16T22:40:28 IST" name="run" finished-at="2024-12-16T22:40:48 IST" duration-ms="20156" status="PASS">
          <reporter-output>
          </reporter-output>
        </test-method> <!-- run -->
        <test-method is-config="true" signature="afterTest()[pri:0, instance:testPackage.searchBylocation@5dda768f]" started-at="2024-12-16T22:41:36 IST" name="afterTest" finished-at="2024-12-16T22:41:36 IST" duration-ms="1" status="PASS">
          <reporter-output>
          </reporter-output>
        </test-method> <!-- afterTest -->
      </class> <!-- testPackage.searchBylocation -->
    </test> <!-- edge -->
    <test started-at="2024-12-16T22:41:36 IST" name="firefox" finished-at="2024-12-16T22:43:26 IST" duration-ms="110043">
      <class name="testPackage.searchByPincode">
        <test-method is-config="true" signature="setUp(java.lang.String)[pri:0, instance:testPackage.searchByPincode@45c7e403]" started-at="2024-12-16T22:42:02 IST" name="setUp" finished-at="2024-12-16T22:42:10 IST" duration-ms="7158" status="PASS">
          <params>
            <param index="0">
              <value>
                <![CDATA[firefox]]>
              </value>
            </param>
          </params>
          <reporter-output>
          </reporter-output>
        </test-method> <!-- setUp -->
        <test-method signature="searchByPicode()[pri:0, instance:testPackage.searchByPincode@45c7e403]" started-at="2024-12-16T22:42:41 IST" name="searchByPicode" finished-at="2024-12-16T22:42:51 IST" duration-ms="9591" status="PASS">
          <reporter-output>
          </reporter-output>
        </test-method> <!-- searchByPicode -->
        <test-method is-config="true" signature="afterTest()[pri:0, instance:testPackage.searchByPincode@45c7e403]" started-at="2024-12-16T22:43:26 IST" name="afterTest" finished-at="2024-12-16T22:43:26 IST" duration-ms="0" status="PASS">
          <reporter-output>
          </reporter-output>
        </test-method> <!-- afterTest -->
      </class> <!-- testPackage.searchByPincode -->
      <class name="testPackage.IndianPostalStamps">
        <test-method is-config="true" signature="beforeTest(java.lang.String)[pri:0, instance:testPackage.IndianPostalStamps@710f4dc7]" started-at="2024-12-16T22:41:36 IST" name="beforeTest" finished-at="2024-12-16T22:41:49 IST" duration-ms="13285" status="PASS">
          <params>
            <param index="0">
              <value>
                <![CDATA[firefox]]>
              </value>
            </param>
          </params>
          <reporter-output>
          </reporter-output>
        </test-method> <!-- beforeTest -->
        <test-method signature="getStampsByYear()[pri:0, instance:testPackage.IndianPostalStamps@710f4dc7]" started-at="2024-12-16T22:42:57 IST" name="getStampsByYear" finished-at="2024-12-16T22:43:23 IST" duration-ms="25801" status="PASS">
          <reporter-output>
          </reporter-output>
        </test-method> <!-- getStampsByYear -->
        <test-method is-config="true" signature="afterTest()[pri:0, instance:testPackage.IndianPostalStamps@710f4dc7]" started-at="2024-12-16T22:43:26 IST" name="afterTest" finished-at="2024-12-16T22:43:26 IST" duration-ms="1" status="PASS">
          <reporter-output>
          </reporter-output>
        </test-method> <!-- afterTest -->
      </class> <!-- testPackage.IndianPostalStamps -->
      <class name="testPackage.info">
        <test-method is-config="true" signature="beforeTest(java.lang.String)[pri:0, instance:testPackage.info@1ff4931d]" started-at="2024-12-16T22:41:49 IST" name="beforeTest" finished-at="2024-12-16T22:41:56 IST" duration-ms="7521" status="PASS">
          <params>
            <param index="0">
              <value>
                <![CDATA[firefox]]>
              </value>
            </param>
          </params>
          <reporter-output>
          </reporter-output>
        </test-method> <!-- beforeTest -->
        <test-method signature="info()[pri:0, instance:testPackage.info@1ff4931d]" started-at="2024-12-16T22:43:23 IST" name="info" finished-at="2024-12-16T22:43:26 IST" duration-ms="2855" status="PASS">
          <reporter-output>
          </reporter-output>
        </test-method> <!-- info -->
        <test-method is-config="true" signature="afterTest()[pri:0, instance:testPackage.info@1ff4931d]" started-at="2024-12-16T22:43:26 IST" name="afterTest" finished-at="2024-12-16T22:43:26 IST" duration-ms="1" status="PASS">
          <reporter-output>
          </reporter-output>
        </test-method> <!-- afterTest -->
      </class> <!-- testPackage.info -->
      <class name="testPackage.searchByPOstOffice">
        <test-method is-config="true" signature="setUp(java.lang.String)[pri:0, instance:testPackage.searchByPOstOffice@2925bf5b]" started-at="2024-12-16T22:41:56 IST" name="setUp" finished-at="2024-12-16T22:42:02 IST" duration-ms="6007" status="PASS">
          <params>
            <param index="0">
              <value>
                <![CDATA[firefox]]>
              </value>
            </param>
          </params>
          <reporter-output>
          </reporter-output>
        </test-method> <!-- setUp -->
        <test-method signature="searchByPostOffc()[pri:0, instance:testPackage.searchByPOstOffice@2925bf5b]" started-at="2024-12-16T22:42:51 IST" name="searchByPostOffc" finished-at="2024-12-16T22:42:57 IST" duration-ms="6077" status="PASS">
          <reporter-output>
          </reporter-output>
        </test-method> <!-- searchByPostOffc -->
        <test-method is-config="true" signature="afterTest()[pri:0, instance:testPackage.searchByPOstOffice@2925bf5b]" started-at="2024-12-16T22:43:26 IST" name="afterTest" finished-at="2024-12-16T22:43:26 IST" duration-ms="1" status="PASS">
          <reporter-output>
          </reporter-output>
        </test-method> <!-- afterTest -->
      </class> <!-- testPackage.searchByPOstOffice -->
      <class name="testPackage.searchBylocation">
        <test-method is-config="true" signature="beforeTest(java.lang.String)[pri:0, instance:testPackage.searchBylocation@b3ca52e]" started-at="2024-12-16T22:42:10 IST" name="beforeTest" finished-at="2024-12-16T22:42:24 IST" duration-ms="14605" status="PASS">
          <params>
            <param index="0">
              <value>
                <![CDATA[firefox]]>
              </value>
            </param>
          </params>
          <reporter-output>
          </reporter-output>
        </test-method> <!-- beforeTest -->
        <test-method signature="run()[pri:0, instance:testPackage.searchBylocation@b3ca52e]" started-at="2024-12-16T22:42:24 IST" name="run" finished-at="2024-12-16T22:42:41 IST" duration-ms="17063" status="PASS">
          <reporter-output>
          </reporter-output>
        </test-method> <!-- run -->
        <test-method is-config="true" signature="afterTest()[pri:0, instance:testPackage.searchBylocation@b3ca52e]" started-at="2024-12-16T22:43:26 IST" name="afterTest" finished-at="2024-12-16T22:43:26 IST" duration-ms="0" status="PASS">
          <reporter-output>
          </reporter-output>
        </test-method> <!-- afterTest -->
      </class> <!-- testPackage.searchBylocation -->
    </test> <!-- firefox -->
  </suite> <!-- Suite -->
</testng-results>
